750
1
4
28
90
94 95
191 195
428 432
501 503
530
871 872
811
800 801
720 721
422 424
337 338
260
223 224
214 215
145
131 133
102 104
40 44
0 2
66 67
86 88
188 190
268
292
435
528 529
534 535
543 544
572 573
615 617
658
677
759 760
819
840 841
866 868
929 930
904 909
831
813 814
740 744
682
667
576
560
514
484 487
453
285 288
255
206 207
114 115
110
48
43
19
15 18
5
236 237
877
861 862
743
723
539
404
329
321 322
300
81
52 53
144 146
387
389
412
425
440
697 698
916 918
973 974
967 968
922
894 897
880
812
747
729
668 670
629
588
601 603
541
306 307
301
180 182
179
3
16
62
198 199
213
222
353 355
299
192
189
105 108
807
782 783
751 752
746
561
291 295
17
7
186
963
878
779
753 758
754
680
613
594
546
434 437
416
267
256 257
229
217
147 150
138 143
46 47
36 37
10 12
71 72
118 119
226 227
228
251
324 327
334
360
467
470 471
499
532
663
710 711
675 676
705 709
614
570
553 558
550
367
368 371
386 388
609 612
792
873 876
932 934
947 949
969
985 988
997
998
972
958 960
896
887
853 856
850
837 838
832 833
804
775
755
648
616
479
444 445
401 402
365 366
313
265
270 271
466 469
481 482
516
497
263 264
254
196
164
158 160
163 165
183 185
216
297 304
200 204
382 383
273 280
159
121
136
126 128
140
139
129 130
174
156 157
127
274
377
400
459 461
494 495
823
799
788 789
767
684 685
649
665 666
620 622
557
509
525 527
565
584
562 563
579 580
517 518
500
415 417
340
286
284
238 242
177
112
6 8
27 30
209
167
149
203
176
302
241
218 221
96 97
120
151 152
113
59 61
231 234
178
100
89
75
50
35
20 26
64 65
34
70
11
45
14
13
22
9
80 82
116 117
84 85
78
235
249 250
347
375 376
345 350
225
76 79
99 101
125
31 32
68 69
38
33
21
171 172
168 169
455 458
537 542
564 566
707
768
765 769
825 828
857 858
931
912 915
884 885
870
852
673 674
650
490 492
474 475
512 513
462
447 449
463
496 498
510 511
464 465
298
638
662 664
627
618 619
589 590
628 630
646
660 661
679
802
816 817
821
834 835
921
951
952 953
681 683
716 717
797 798
652
610
311
276
123 124
77
57 58
91 93
25
148
369
390 392
409 410
554
559
599 600
538
381
343 344
328
451
423
411
384 385
407 408
406
378
335 336
314
243 244
211
287
252 253
247
232
92
153 155
166
219
278
310 318
303
109
54 55
106
98
193
161 162
323
489
259 262
239
233
245
266 269
134 137
141
187
184
672
761
531
687
849
860
820
808 810
914
889
924
966
899
890
826
795 796
855
644
635 636
567
596
655
671
695 696
741
726 731
725
724
718
719
637 643
595 598
569
515
523 524
745
485
508
332
354
370
393
398 399
413 414
438 443
575
770 773
602
624 625
305
261
277
60
197
202
358
308
272
49 51
294
279
316
476 478
975
919 920
793 794
776
699 700
735 737
977 979
927 928
869
749 750
504
568 571
728
727
701 703
736
730
621
656
704
803
678
693
686 689
706
888
941 943
964
859
939
815
777
994
956 957
955
937 940
893
891 892
895
867
829
827
864
583 585
507
391
540
739
778
879 881
926
83
111
201
348
394 395
315
418 419
374
349
319
289 290
403 405
396
73
651 653
734
526
452 454
477
446
29
41
433
605
633 634
714 715
581 582
597
606
604
480
372 373
359 363
397
283
296
333
320
281
173 175
39
135
208
436
472
593
551
493
488
536
483
456
154
246 248
275
339 341
380
325
309
346
948
936
993 995
990 991
992
982 984
818 824
771
757
791
844
839
906
875
874
787
421
439
442
441
457
586 587
762 763
742
732
722
694
925
935
938
910 911
846 847
882 883
913
691
830
712
784
766
756
822
843
851
907
898 901
908
959
980 981
942
944
555
592
611
641
574
549
521 522
491
351
357
330 331
342
352
430
429
356
364
473
785
848
774 781
654
591
607 608
865
836
772
786
738
631 632
545 547
626
486
690
688
886
954
986
970
996 999
902 903
962
900
971
945 946
987
950
640
645
647
639
312
978
961 965
917
863
642
577 578
657 659
976
790
933
989
845
713
426 427
764
702
692
805 806
809
854
669
450
362
733
556
506
326
502
468
361
460
533
448
623
317
519
748
87
56
63
103
205
107
431
923
905
842
420
282
212
258
210
181
194
548 552
240
230
293
983
170
132
520
379
708
142
505
24
122
23
220
74
42
780
